OPTI DIME 3 ELEM TRI3 TRAC OPEN;                                        
DENSITE 0.01;                                                           
*******************************************************                 
***            Geom‚trie TRI3 - PLAQ             	***                   
*******************************************************                 
* Benjamin RICHARD                                                      
*******************************************************                 
* PARAMETRES GEOMETRIQUES GENERAUX                                      
*******************************************************                 
                                                                        
P1 = 0 0 0;                                                             
P2 = 1 0 0;                                                             
P3 = 1 1 0;                                                             
                                                                        
L1 = DROI 1 P1 P2;                                                      
L2 = DROI 1 P2 P3;                                                      
L3 = DROI 1 P3 P1;                                                      
                                                                        
LT = L1 ET L2 ET L3;                                                    
ST = SURF LT PLAN;                                                      
*ST = ORIE ST;                                                          
                                                                        
*TRAC ST;                                                               
OPTI SORT                                                               
'C:\Users\BR232186\Desktop\CastLab_OOP\DEV_SYNC\tri3_plaq_T3G.mail';    
SORT ST;                                                                
                                                                        
MO1 = MODE ST MECANIQUE ELASTIQUE ISOTROPE DST;                         
MA1 = MATE MO1 YOUN 1 NU 0.25 RHO 1 EPAI 1;                             
                                                                        
HO  = HOOK MO1 MA1;                                                     
                                                                        
RIG1 = RIGI MO1 MA1;                                                    
                                                                        
OPTI DONN 5;                                                            
                                                                        
list HO;                                                                
