* fichier : fibre1.dgibi                                                
************************************************************************
************************************************************************
*                 CAS TEST fibre1.dgibi                                *
*             Exemple d'utilisation du modèle à fibre                  *
*                                                                      *
*              Poutre avec un déplacement imposé                       *
*                            L=1800 mm                                 *
*                                                                      *
*                      D. Combescure - Décembre 2006                   *
*                      Laboratoire DYN - CEA Saclay                    *
************************************************************************
************************************************************************
*                                                                       
*-----------------------------------------------------------------------
*    Géométrie : 200mm x 100mmx L=1500m +2*150.                         
*    Beton: fcj = 25,1 MPa, ftj = 3,08 MPa, Eij = 23GPa                 
*    Aciers :                                                           
*             1 lit inférieur 2HA12 + 1 lit supérieur avec 2HA6         
*             cadres n = 1, fi6e200                                     
*-----------------------------------------------------------------------
*FLAGVISU = VRAI;                                                       
*FLAGLONG = VRAI;                                                       
*                                                                       
FLAGVISU = FAUX;                                                        
FLAGLONG = FAUX;                                                        
*                                                                       
OPTI DIME 2 ELEM QUA4;                                                  
                                                                        
*                                                                       
 phi6  = 0.006;                                                         
 phi8  = 0.008;                                                         
 phi10 = 0.010;                                                         
 phi12 = 0.012;                                                         
 phi13 = 0.013;                                                         
 phi19 = 0.019;                                                         
                                                                        
 ceq6  = 3.14159*phi6 /4.0;                                             
 ceq8  = 3.14159*phi8 /4.0;                                             
 ceq10  = 3.14159*phi10 /4.0;                                           
 ceq12 = 3.14159*phi12/4.0;                                             
 ceq13 = 3.14159*phi13/4.0;                                             
 ceq19 = 3.14159*phi19/4.0;                                             
                                                                        
 sec6 = 3.14159*((phi6**2)/4.);                                         
 sec8 = 3.14159*((phi8**2)/4.);                                         
 sec10 = 3.14159*((phi10**2)/4.);                                       
 sec12 = 3.14159*((phi12**2)/4.);                                       
 sec13 = 3.14159*((phi13**2)/4.);                                       
 sec19 = 3.14159*((phi19**2)/4.);                                       
*                                                                       
fyacier = 700.E6;                                                       
valtraf = 5.;                                                           
*                                                                       
* Dimensions de la poutre et ferraillage                                
*                                                                       
 Happui = 1.50;                                                         
 Htot = Happui +(2.*0.15);                                              
 phiacier = phi12;                                                      
 secacier = sec12;                                                      
 hgthc = 0.20;                                                          
 wdthc = 0.10;                                                          
 epenro = 0.020;                                                        
*                                                                       
*-----------------------------------------------------------------------
*    Maillage fibre acier - supérieur                                   
*-----------------------------------------------------------------------
 CA1  = (((-0.5)*wdthc) + epenro) ((-0.5*hgthc) + epenro) ;             
 CA2  = ((0.5*wdthc) - epenro) ((-0.5*hgthc) + epenro) ;                
 SAINF = CA1 ET CA2;                                                    
                                                                        
 CA3  = (((-0.5)*wdthc) + epenro) ((0.5*hgthc) - epenro) ;              
 CA4  = ((0.5*wdthc) - epenro) ((0.5*hgthc) - epenro) ;                 
 SASUP = CA3 ET CA4;                                                    
                                                                        
 SACIER = (SAINF COUL ROSE) et (SASUP COUL ROUGE);                      
                                                                        
                                                                        
*-----------------------------------------------------------------------
*    Description du coffrage poteau et des sections BA correspondantes. 
*-----------------------------------------------------------------------
                                                                        
                                                                        
 pbc1 = (-0.5*wdthc) (-0.5*hgthc);                                      
 pbc2 = (-0.5*wdthc) ( 0.5*hgthc);                                      
 vbc3 =    wdthc           0.000;                                       
                                                                        
 SBET  = DROI 8 pbc1 pbc2 TRAN 1 vbc3;                                  
                                                                        
OPTI SORT (CHAI                                                         
'C:\Users\BR232186\Desktop\'                                            
'CastLab_OOP\DEV_SYNC\mail_sec.mail');                                  
SORT (SBET ET SAINF ET SASUP);                                          
                                                                        
*-----------------------------------------------------------------------
*    Modèles sur maillage sections                                      
*-----------------------------------------------------------------------
                                                                        
 OPTI DIME 3 elem qua4;                                                 
                                                                        
*-------------------------- Matériau  Béton ----------------------------
                                                                        
 EBET  = 23.0E9 ;                                                       
 NUBET = 0.25   ;                                                       
 FCBET = 25.1E6 ;                                                       
 FTBET = 3.08E6 ;                                                       
 RBET = 2500.;                                                          
                                                                        
 modBC = MODE sBET MECANIQUE ELASTIQUE PLASTIQUE BETON_BAEL QUAS;       
 matBC = MATE modBC 'YOUN' EBET  'NU' NUBET 'RHO' 2500. 'FC' FCBET;     
                                                                        
                                                                        
 carBC = CARA modBC ALPY .66 ALPZ .66;                                  
                                                                        
*-------------------------- Matériau  Acier ----------------------------
                                                                        
*  Acier sans prise en compte de l'adhérence                            
*  Béton: confiné, adhérence: bonne                                     
                                                                        
paci = ((2.*sec6) + (2.*sec12))/(hgthc*wdthc);                          
*                                                                       
* Modèles, matériaux et caractéristiques                                
                                                                        
MESHFIB = SBET et SAINF et SASUP;                                       
                                                                        
*                                                                       
* Acier PARFAIT_UNI                                                     
*                                                                       
 modAINF = MODE SAINF MECANIQUE ELASTIQUE PLASTIQUE PARFAIT_UNI POJS;   
                                                                        
 matAINF = MATE modAINF YOUN 2.0E11 NU 0.3 RHO 7100                     
          'SECT' sec12 'SIGY' fyacier H (0.01*2.0E11);                  
                                                                        
 carAINF = CARA modAINF ALPY .66 ALPZ .66;                              
*                                                                       
 modASUP = MODE SASUP MECANIQUE ELASTIQUE PLASTIQUE PARFAIT_UNI POJS;   
                                                                        
 matASUP = MATE modASUP YOUN 2.0E11 NU 0.3 RHO 7100                     
          'SECT' sec6 'SIGY' fyacier H (0.01*2.0E11);                   
                                                                        
 carASUP = CARA modASUP ALPY .66 ALPZ .66;                              
*                                                                       
*                                                                       
 modstot = modBC ET modAINF et modASUP;                                 
                                                                        
                                                                        
 matstot = matBC ET carBC ET matAINF ET carAINF                         
        ET matASUP ET carASUP;                                          
                                                                        
                                                                        
                                                                        
*-----------------------------------------------------------------------
*    Géométrie de la poutre en 3D.                                      
*-----------------------------------------------------------------------
                                                                        
 OPTI ELEM SEG2;                                                        
                                                                        
 oeil = 0. -10000. 0.;                                                  
SI FLAGLONG;                                                            
 n1 = 3;                                                                
 n2 = 15;                                                               
SINON;                                                                  
 n1 = 1;                                                                
 n2 = 3;                                                                
FINSI;                                                                  
 p0 = 0. 0. 0.;                                                         
 p1d = (0.5*Happui) 0. 0.;                                              
 p2d = (0.5*Htot) 0. 0.;                                                
 p1g = (-0.5*Happui) 0. 0.;                                             
 p2g = (-0.5*Htot) 0. 0.;                                               
                                                                        
 Lpoutre = (d n1 p2g p1g) et (d n2 p1g p0)                              
         et (d n2 p0 p1d) et (d n1 p1d p2d);                            
                                                                        
OPTI SORT                                                               
'C:\Users\BR232186\Desktop\CastLab_OOP\DEV_SYNC\mail_pout.mail';        
SORT LPOUTRE;                                                           
                                                                        
FIN;                                                                    
