*******************************************************                 
***            Geométrie TRI3 - PLAQ             	***                  
*******************************************************                 
OPTI DIME 2 ELEM TRI3 TRAC OPEN MODE PLAN CONT;                         
DENSITE 0.25;                                                           
*******************************************************                 
***            Geométrie TRI3 - PLAQ             	***                  
*******************************************************                 
* Benjamin RICHARD                                                      
* Vincent LELOUCHE                                                      
*******************************************************                 
* PARAMETRES GEOMETRIQUES GENERAUX                                      
*******************************************************                 
                                                                        
P1 = 0   0 ;                                                            
P12= 2.5 0 ;                                                            
P2 = 5   0 ;                                                            
P3 = 5   1 ;                                                            
P34= 2.5 1 ;                                                            
P4 = 0   1 ;                                                            
                                                                        
L1 =  DROI P1 P12;                                                      
L12 = DROI P12 P2;                                                      
L2 =  DROI P2 P3;                                                       
L3 =  DROI P3 P34;                                                      
L34=  DROI P34 P4;                                                      
L4 =  DROI P4 P1;                                                       
                                                                        
LT = L1 ET L12 ET L2 ET L3 ET L34 ET L4;                                
ST = SURF LT PLAN;                                                      
                                                                        
ST = ORIE ST;                                                           
                                                                        
TRAC ST;                                                                
OPTI SORT                                                               
'C:\Users\BR232186\Desktop\CastLab_OOP\DEV_SYNC\reprise.mail';          
SORT ST;                                                                
FIN;                                                                    
