*******************************************************                 
***            Geométrie TRI3 - PLAQ             	***                  
*******************************************************                 
OPTI DIME 3 ELEM TRI3 TRAC OPEN;                                        
DENSITE 0.01;                                                           
*******************************************************                 
***            Geométrie TRI3 - PLAQ             	***                  
*******************************************************                 
* Benjamin RICHARD                                                      
* Vincent LELOUCHE                                                      
*******************************************************                 
* PARAMETRES GEOMETRIQUES GENERAUX                                      
*******************************************************                 
                                                                        
P1 = 0 0 0;                                                             
P2 = 1 0 0;                                                             
P3 = 1 1 0;                                                             
P4 = 0 1 0;                                                             
L1 = DROI 1 P1 P2;                                                      
L2 = DROI 1 P2 P3;                                                      
L3 = DROI 1 P3 P4;                                                      
L4 = DROI 1 P4 P1;                                                      
LT = L1 ET L2 ET L3 ET L4;                                              
ST = SURF LT PLAN;                                                      
*ST = ORIE ST;                                                          
                                                                        
*TRAC ST;                                                               
*OPTI SORT                                                              
*'C:\Users\BR232186\Desktop\CastLab_OOP\DEV_SYNC\tri3_plaq.mail';       
*SORT ST;                                                               
*FIN;                                                                   
                                                                        
MO1 = MODE ST MECANIQUE ELASTIQUE ISOTROPE DST;                         
MA1 = MATE MO1 YOUN 1 NU 0.25 RHO 1 EPAI 1;                             
                                                                        
HO  = HOOK MO1 MA1;                                                     
                                                                        
RIG1 = RIGI MO1 MA1;                                                    
CL1  = BLOQ UY UZ L1;                                                   
CL2  = BLOQ DEPL ROTA P1;                                               
RIGT = RIG1 ET CL1 ET CL2;                                              
CHP1 = MANU CHPO L3 1 FY 1;                                             
USOL = RESO RIGT CHP1;                                                  
DEF1 = DEFO ST USOL 'ROUG';                                             
DEF2 = DEFO ST USOL 1 'BLEU';                                           
U1   = EXTR USOL P3 UY;                                                 
U2   = EXTR USOL P4 UY;                                                 
U3   = EXTR USOL P3 UX;                                                 
U4   = EXTR USOL P4 UX;                                                 
LIST U1;                                                                
LIST U2;                                                                
LIST U3;                                                                
LIST U4;                                                                
TRAC (DEF1 ET DEF2);                                                    
                                                                        
                                                                        
OPTI DONN 5;                                                            
fin;                                                                    
